Assembler report for CYC10-project
Tue Jul 25 15:51:39 2023
Quartus Prime Version 22.1std.1 Build 917 02/14/2023 SC Lite Edition


---------------------
; Table of Contents ;
---------------------
  1. Legal Notice
  2. Assembler Summary
  3. Assembler Settings
  4. Assembler Generated Files
  5. Assembler Device Options: C:/Users/sca-djay/Documents/GitHub/e17-4yp-Investigating/FPGA Setup/CYC10-FSM2-project/output_files/CYC10-project.sof
  6. Assembler Messages



----------------
; Legal Notice ;
----------------
Copyright (C) 2023  Intel Corporation. All rights reserved.
Your use of Intel Corporation's design tools, logic functions 
and other software and tools, and any partner logic 
functions, and any output files from any of the foregoing 
(including device programming or simulation files), and any 
associated documentation or information are expressly subject 
to the terms and conditions of the Intel Program License 
Subscription Agreement, the Intel Quartus Prime License Agreement,
the Intel FPGA IP License Agreement, or other applicable license
agreement, including, without limitation, that your use is for
the sole purpose of programming logic devices manufactured by
Intel and sold by Intel or its authorized distributors.  Please
refer to the applicable agreement for further details, at
https://fpgasoftware.intel.com/eula.



+---------------------------------------------------------------+
; Assembler Summary                                             ;
+-----------------------+---------------------------------------+
; Assembler Status      ; Successful - Tue Jul 25 15:51:39 2023 ;
; Revision Name         ; CYC10-project                         ;
; Top-level Entity Name ; top                                   ;
; Family                ; Cyclone 10 LP                         ;
; Device                ; 10CL025YU256I7G                       ;
+-----------------------+---------------------------------------+


+----------------------------------+
; Assembler Settings               ;
+--------+---------+---------------+
; Option ; Setting ; Default Value ;
+--------+---------+---------------+


+-----------------------------------------------------------------------------------------------------------------------+
; Assembler Generated Files                                                                                             ;
+-----------------------------------------------------------------------------------------------------------------------+
; File Name                                                                                                             ;
+-----------------------------------------------------------------------------------------------------------------------+
; C:/Users/sca-djay/Documents/GitHub/e17-4yp-Investigating/FPGA Setup/CYC10-FSM2-project/output_files/CYC10-project.sof ;
+-----------------------------------------------------------------------------------------------------------------------+


+-------------------------------------------------------------------------------------------------------------------------------------------------+
; Assembler Device Options: C:/Users/sca-djay/Documents/GitHub/e17-4yp-Investigating/FPGA Setup/CYC10-FSM2-project/output_files/CYC10-project.sof ;
+----------------+--------------------------------------------------------------------------------------------------------------------------------+
; Option         ; Setting                                                                                                                        ;
+----------------+--------------------------------------------------------------------------------------------------------------------------------+
; JTAG usercode  ; 0x00A53B8C                                                                                                                     ;
; Checksum       ; 0x00A53B8C                                                                                                                     ;
+----------------+--------------------------------------------------------------------------------------------------------------------------------+


+--------------------+
; Assembler Messages ;
+--------------------+
Info: *******************************************************************
Info: Running Quartus Prime Assembler
    Info: Version 22.1std.1 Build 917 02/14/2023 SC Lite Edition
    Info: Processing started: Tue Jul 25 15:51:37 2023
Info: Command: quartus_asm --read_settings_files=off --write_settings_files=off CYC10-project -c CYC10-project
Warning (18236): Number of processors has not been specified which may cause overloading on shared machines.  Set the global assignment NUM_PARALLEL_PROCESSORS in your QSF to an appropriate value for best performance.
Info (115031): Writing out detailed assembly data for power analysis
Info (115030): Assembler is generating device programming files
Info: Quartus Prime Assembler was successful. 0 errors, 1 warning
    Info: Peak virtual memory: 4764 megabytes
    Info: Processing ended: Tue Jul 25 15:51:39 2023
    Info: Elapsed time: 00:00:02
    Info: Total CPU time (on all processors): 00:00:02


