Assembler report for c10lp_golden_top
Thu Jun 01 20:51:55 2023
Quartus Prime Version 20.1.1 Build 720 11/11/2020 SJ Lite Edition


---------------------
; Table of Contents ;
---------------------
  1. Legal Notice
  2. Assembler Summary
  3. Assembler Settings
  4. Assembler Generated Files
  5. Assembler Device Options: C:/Users/Darshana/Documents/GitHub/Intel-Cyc10LP-EXPSetup/altera/output_files/c10lp_golden_top.sof
  6. Assembler Messages



----------------
; Legal Notice ;
----------------
Copyright (C) 2020  Intel Corporation. All rights reserved.
Your use of Intel Corporation's design tools, logic functions 
and other software and tools, and any partner logic 
functions, and any output files from any of the foregoing 
(including device programming or simulation files), and any 
associated documentation or information are expressly subject 
to the terms and conditions of the Intel Program License 
Subscription Agreement, the Intel Quartus Prime License Agreement,
the Intel FPGA IP License Agreement, or other applicable license
agreement, including, without limitation, that your use is for
the sole purpose of programming logic devices manufactured by
Intel and sold by Intel or its authorized distributors.  Please
refer to the applicable agreement for further details, at
https://fpgasoftware.intel.com/eula.



+---------------------------------------------------------------+
; Assembler Summary                                             ;
+-----------------------+---------------------------------------+
; Assembler Status      ; Successful - Thu Jun 01 20:51:55 2023 ;
; Revision Name         ; c10lp_golden_top                      ;
; Top-level Entity Name ; c10lp_golden_top                      ;
; Family                ; Cyclone 10 LP                         ;
; Device                ; 10CL025YU256I7G                       ;
+-----------------------+---------------------------------------+


+----------------------------------+
; Assembler Settings               ;
+--------+---------+---------------+
; Option ; Setting ; Default Value ;
+--------+---------+---------------+


+----------------------------------------------------------------------------------------------------+
; Assembler Generated Files                                                                          ;
+----------------------------------------------------------------------------------------------------+
; File Name                                                                                          ;
+----------------------------------------------------------------------------------------------------+
; C:/Users/Darshana/Documents/GitHub/Intel-Cyc10LP-EXPSetup/altera/output_files/c10lp_golden_top.sof ;
+----------------------------------------------------------------------------------------------------+


+------------------------------------------------------------------------------------------------------------------------------+
; Assembler Device Options: C:/Users/Darshana/Documents/GitHub/Intel-Cyc10LP-EXPSetup/altera/output_files/c10lp_golden_top.sof ;
+----------------+-------------------------------------------------------------------------------------------------------------+
; Option         ; Setting                                                                                                     ;
+----------------+-------------------------------------------------------------------------------------------------------------+
; JTAG usercode  ; 0x0028D38B                                                                                                  ;
; Checksum       ; 0x0028D38B                                                                                                  ;
+----------------+-------------------------------------------------------------------------------------------------------------+


+--------------------+
; Assembler Messages ;
+--------------------+
Info: *******************************************************************
Info: Running Quartus Prime Assembler
    Info: Version 20.1.1 Build 720 11/11/2020 SJ Lite Edition
    Info: Processing started: Thu Jun 01 20:51:53 2023
Info: Command: quartus_asm --read_settings_files=off --write_settings_files=off c10lp_golden_top -c c10lp_golden_top
Info (115031): Writing out detailed assembly data for power analysis
Info (115030): Assembler is generating device programming files
Info: Quartus Prime Assembler was successful. 0 errors, 1 warning
    Info: Peak virtual memory: 4692 megabytes
    Info: Processing ended: Thu Jun 01 20:51:55 2023
    Info: Elapsed time: 00:00:02
    Info: Total CPU time (on all processors): 00:00:01


